# JRE version: Java(TM) SE Runtime Environment (21.0.12.1+1) (build 21.0.12.1+1-LTS-4)
# Java VM: Java HotSpot(TM) 64-Bit Server VM (21.0.12.1+1-LTS-4, mixed mode, sharing, tiered, compressed oops, compressed class ptrs, g1 gc, windows-amd64)
GC Precious Log:
 CardTable entry size: 512
 Card Set container configuration: InlinePtr #cards 4 size 8 Array Of Cards #cards 16 size 48 Howl #buckets 8 coarsen threshold 3686 Howl Bitmap #cards 512 size 80 coarsen threshold 460 Card regions per heap region 1 cards per card region 4096
 CPUs: 8 total, 8 available
 Memory: 16179M
 Large Page Support: Disabled
 NUMA Support: Disabled
 Compressed Oops: Enabled (Zero based)
 Heap Region Size: 2M
 Heap Min Capacity: 128M
 Heap Initial Capacity: 128M
 Heap Max Capacity: 3G
 Pre-touch: Disabled
 Parallel Workers: 8
 Concurrent Workers: 2
 Concurrent Refinement Workers: 8
 Periodic GC: Disabled
Heap:
 garbage-first heap   total 151552K, used 110967K [0x0000000740000000, 0x0000000800000000)
  region size 2048K, 38 young (77824K), 3 survivors (6144K)
 Metaspace       used 31606K, committed 32192K, reserved 196608K
  class space    used 3218K, committed 3520K, reserved 131072K
GC Heap History (20 events):
Event: 7.696 GC heap before
{Heap before GC invocations=19 (full 0):
 garbage-first heap   total 325632K, used 167485K [0x0000000740000000, 0x0000000800000000)
  region size 2048K, 78 young (159744K), 5 survivors (10240K)
 Metaspace       used 27699K, committed 28224K, reserved 196608K
  class space    used 2852K, committed 3072K, reserved 131072K
}
Event: 7.734 GC heap after
{Heap after GC invocations=20 (full 1):
 garbage-first heap   total 151552K, used 38245K [0x0000000740000000, 0x0000000800000000)
  region size 2048K, 0 young (0K), 0 survivors (0K)
 Metaspace       used 27699K, committed 28224K, reserved 196608K
  class space    used 2852K, committed 3072K, reserved 131072K
}
Event: 13.746 GC heap before
{Heap before GC invocations=20 (full 1):
 garbage-first heap   total 151552K, used 126309K [0x0000000740000000, 0x0000000800000000)
  region size 2048K, 44 young (90112K), 0 survivors (0K)
 Metaspace       used 29782K, committed 30336K, reserved 196608K
  class space    used 3082K, committed 3328K, reserved 131072K
}
Event: 13.748 GC heap after
{Heap after GC invocations=21 (full 1):
 garbage-first heap   total 151552K, used 43066K [0x0000000740000000, 0x0000000800000000)
  region size 2048K, 3 young (6144K), 3 survivors (6144K)
 Metaspace       used 29782K, committed 30336K, reserved 196608K
  class space    used 3082K, committed 3328K, reserved 131072K
}
Event: 31.687 GC heap before
{Heap before GC invocations=21 (full 1):
 garbage-first heap   total 151552K, used 127034K [0x0000000740000000, 0x0000000800000000)
  region size 2048K, 44 young (90112K), 3 survivors (6144K)
 Metaspace       used 29913K, committed 30464K, reserved 196608K
  class space    used 3082K, committed 3328K, reserved 131072K
}
Event: 31.688 GC heap after
{Heap after GC invocations=22 (full 1):
 garbage-first heap   total 151552K, used 42706K [0x0000000740000000, 0x0000000800000000)
  region size 2048K, 3 young (6144K), 3 survivors (6144K)
 Metaspace       used 29913K, committed 30464K, reserved 196608K
  class space    used 3082K, committed 3328K, reserved 131072K
}
Event: 41.781 GC heap before
{Heap before GC invocations=22 (full 1):
 garbage-first heap   total 151552K, used 124626K [0x0000000740000000, 0x0000000800000000)
  region size 2048K, 44 young (90112K), 3 survivors (6144K)
 Metaspace       used 29954K, committed 30464K, reserved 196608K
  class space    used 3082K, committed 3328K, reserved 131072K
}
Event: 41.784 GC heap after
{Heap after GC invocations=23 (full 1):
 garbage-first heap   total 151552K, used 42876K [0x0000000740000000, 0x0000000800000000)
  region size 2048K, 3 young (6144K), 3 survivors (6144K)
 Metaspace       used 29954K, committed 30464K, reserved 196608K
  class space    used 3082K, committed 3328K, reserved 131072K
}
Event: 60.026 GC heap before
{Heap before GC invocations=23 (full 1):
 garbage-first heap   total 151552K, used 126844K [0x0000000740000000, 0x0000000800000000)
  region size 2048K, 44 young (90112K), 3 survivors (6144K)
 Metaspace       used 30012K, committed 30528K, reserved 196608K
  class space    used 3084K, committed 3328K, reserved 131072K
}
Event: 60.029 GC heap after
{Heap after GC invocations=24 (full 1):
 garbage-first heap   total 151552K, used 43081K [0x0000000740000000, 0x0000000800000000)
  region size 2048K, 3 young (6144K), 3 survivors (6144K)
 Metaspace       used 30012K, committed 30528K, reserved 196608K
  class space    used 3084K, committed 3328K, reserved 131072K
}
Event: 68.311 GC heap before
{Heap before GC invocations=24 (full 1):
 garbage-first heap   total 151552K, used 125001K [0x0000000740000000, 0x0000000800000000)
  region size 2048K, 44 young (90112K), 3 survivors (6144K)
 Metaspace       used 31184K, committed 31744K, reserved 196608K
  class space    used 3199K, committed 3456K, reserved 131072K
}
Event: 68.313 GC heap after
{Heap after GC invocations=25 (full 1):
 garbage-first heap   total 151552K, used 43292K [0x0000000740000000, 0x0000000800000000)
  region size 2048K, 3 young (6144K), 3 survivors (6144K)
 Metaspace       used 31184K, committed 31744K, reserved 196608K
  class space    used 3199K, committed 3456K, reserved 131072K
}
Event: 83.257 GC heap before
{Heap before GC invocations=25 (full 1):
 garbage-first heap   total 151552K, used 127260K [0x0000000740000000, 0x0000000800000000)
  region size 2048K, 44 young (90112K), 3 survivors (6144K)
 Metaspace       used 31431K, committed 32064K, reserved 196608K
  class space    used 3217K, committed 3520K, reserved 131072K
}
Event: 83.259 GC heap after
{Heap after GC invocations=26 (full 1):
 garbage-first heap   total 151552K, used 43569K [0x0000000740000000, 0x0000000800000000)
  region size 2048K, 3 young (6144K), 3 survivors (6144K)
 Metaspace       used 31431K, committed 32064K, reserved 196608K
  class space    used 3217K, committed 3520K, reserved 131072K
}
Event: 98.381 GC heap before
{Heap before GC invocations=26 (full 1):
 garbage-first heap   total 151552K, used 127537K [0x0000000740000000, 0x0000000800000000)
  region size 2048K, 44 young (90112K), 3 survivors (6144K)
 Metaspace       used 31489K, committed 32128K, reserved 196608K
  class space    used 3217K, committed 3520K, reserved 131072K
}
Event: 98.383 GC heap after
{Heap after GC invocations=27 (full 1):
 garbage-first heap   total 151552K, used 43821K [0x0000000740000000, 0x0000000800000000)
  region size 2048K, 3 young (6144K), 3 survivors (6144K)
 Metaspace       used 31489K, committed 32128K, reserved 196608K
  class space    used 3217K, committed 3520K, reserved 131072K
}
Event: 108.530 GC heap before
{Heap before GC invocations=27 (full 1):
 garbage-first heap   total 151552K, used 125741K [0x0000000740000000, 0x0000000800000000)
  region size 2048K, 44 young (90112K), 3 survivors (6144K)
 Metaspace       used 31511K, committed 32128K, reserved 196608K
  class space    used 3217K, committed 3520K, reserved 131072K
}
Event: 108.532 GC heap after
{Heap after GC invocations=28 (full 1):
 garbage-first heap   total 151552K, used 43501K [0x0000000740000000, 0x0000000800000000)
  region size 2048K, 3 young (6144K), 3 survivors (6144K)
 Metaspace       used 31511K, committed 32128K, reserved 196608K
  class space    used 3217K, committed 3520K, reserved 131072K
}
Event: 124.789 GC heap before
{Heap before GC invocations=28 (full 1):
 garbage-first heap   total 151552K, used 127469K [0x0000000740000000, 0x0000000800000000)
  region size 2048K, 44 young (90112K), 3 survivors (6144K)
 Metaspace       used 31592K, committed 32192K, reserved 196608K
  class space    used 3218K, committed 3520K, reserved 131072K
}
Event: 124.791 GC heap after
{Heap after GC invocations=29 (full 1):
 garbage-first heap   total 151552K, used 43383K [0x0000000740000000, 0x0000000800000000)
  region size 2048K, 3 young (6144K), 3 survivors (6144K)
 Metaspace       used 31592K, committed 32192K, reserved 196608K
  class space    used 3218K, committed 3520K, reserved 131072K
}

