# JRE version: Java(TM) SE Runtime Environment (21.0.12.1+1) (build 21.0.12.1+1-LTS-4)
# Java VM: Java HotSpot(TM) 64-Bit Server VM (21.0.12.1+1-LTS-4, mixed mode, sharing, tiered, compressed oops, compressed class ptrs, g1 gc, windows-amd64)
GC Precious Log:
 CardTable entry size: 512
 Card Set container configuration: InlinePtr #cards 4 size 8 Array Of Cards #cards 16 size 48 Howl #buckets 8 coarsen threshold 3686 Howl Bitmap #cards 512 size 80 coarsen threshold 460 Card regions per heap region 1 cards per card region 4096
 CPUs: 8 total, 8 available
 Memory: 16179M
 Large Page Support: Disabled
 NUMA Support: Disabled
 Compressed Oops: Enabled (Zero based)
 Heap Region Size: 2M
 Heap Min Capacity: 8M
 Heap Initial Capacity: 8M
 Heap Max Capacity: 4046M
 Pre-touch: Disabled
 Parallel Workers: 8
 Concurrent Workers: 2
 Concurrent Refinement Workers: 8
 Periodic GC: Disabled
Heap:
 garbage-first heap   total 147456K, used 97620K [0x0000000703200000, 0x0000000800000000)
  region size 2048K, 3 young (6144K), 3 survivors (6144K)
 Metaspace       used 10697K, committed 10944K, reserved 1114112K
  class space    used 1089K, committed 1216K, reserved 1048576K
GC Heap History (20 events):
Event: 2.071 GC heap after
{Heap after GC invocations=20 (full 0):
 garbage-first heap   total 51200K, used 22910K [0x0000000703200000, 0x0000000800000000)
  region size 2048K, 2 young (4096K), 2 survivors (4096K)
 Metaspace       used 8651K, committed 8896K, reserved 1114112K
  class space    used 915K, committed 1024K, reserved 1048576K
}
Event: 2.175 GC heap before
{Heap before GC invocations=20 (full 0):
 garbage-first heap   total 51200K, used 37246K [0x0000000703200000, 0x0000000800000000)
  region size 2048K, 9 young (18432K), 2 survivors (4096K)
 Metaspace       used 8657K, committed 8896K, reserved 1114112K
  class space    used 915K, committed 1024K, reserved 1048576K
}
Event: 2.186 GC heap after
{Heap after GC invocations=21 (full 0):
 garbage-first heap   total 51200K, used 26731K [0x0000000703200000, 0x0000000800000000)
  region size 2048K, 2 young (4096K), 2 survivors (4096K)
 Metaspace       used 8657K, committed 8896K, reserved 1114112K
  class space    used 915K, committed 1024K, reserved 1048576K
}
Event: 2.262 GC heap before
{Heap before GC invocations=21 (full 0):
 garbage-first heap   total 51200K, used 39019K [0x0000000703200000, 0x0000000800000000)
  region size 2048K, 8 young (16384K), 2 survivors (4096K)
 Metaspace       used 8688K, committed 8896K, reserved 1114112K
  class space    used 915K, committed 1024K, reserved 1048576K
}
Event: 2.270 GC heap after
{Heap after GC invocations=22 (full 0):
 garbage-first heap   total 51200K, used 30063K [0x0000000703200000, 0x0000000800000000)
  region size 2048K, 1 young (2048K), 1 survivors (2048K)
 Metaspace       used 8688K, committed 8896K, reserved 1114112K
  class space    used 915K, committed 1024K, reserved 1048576K
}
Event: 2.371 GC heap before
{Heap before GC invocations=23 (full 0):
 garbage-first heap   total 55296K, used 40303K [0x0000000703200000, 0x0000000800000000)
  region size 2048K, 6 young (12288K), 1 survivors (2048K)
 Metaspace       used 8698K, committed 8896K, reserved 1114112K
  class space    used 916K, committed 1024K, reserved 1048576K
}
Event: 2.378 GC heap after
{Heap after GC invocations=24 (full 0):
 garbage-first heap   total 55296K, used 33289K [0x0000000703200000, 0x0000000800000000)
  region size 2048K, 1 young (2048K), 1 survivors (2048K)
 Metaspace       used 8698K, committed 8896K, reserved 1114112K
  class space    used 916K, committed 1024K, reserved 1048576K
}
Event: 2.430 GC heap before
{Heap before GC invocations=24 (full 0):
 garbage-first heap   total 55296K, used 43529K [0x0000000703200000, 0x0000000800000000)
  region size 2048K, 6 young (12288K), 1 survivors (2048K)
 Metaspace       used 8701K, committed 8896K, reserved 1114112K
  class space    used 916K, committed 1024K, reserved 1048576K
}
Event: 2.437 GC heap after
{Heap after GC invocations=25 (full 0):
 garbage-first heap   total 55296K, used 35981K [0x0000000703200000, 0x0000000800000000)
  region size 2048K, 1 young (2048K), 1 survivors (2048K)
 Metaspace       used 8701K, committed 8896K, reserved 1114112K
  class space    used 916K, committed 1024K, reserved 1048576K
}
Event: 2.495 GC heap before
{Heap before GC invocations=26 (full 0):
 garbage-first heap   total 71680K, used 46221K [0x0000000703200000, 0x0000000800000000)
  region size 2048K, 6 young (12288K), 1 survivors (2048K)
 Metaspace       used 8701K, committed 8896K, reserved 1114112K
  class space    used 916K, committed 1024K, reserved 1048576K
}
Event: 2.502 GC heap after
{Heap after GC invocations=27 (full 0):
 garbage-first heap   total 71680K, used 38728K [0x0000000703200000, 0x0000000800000000)
  region size 2048K, 1 young (2048K), 1 survivors (2048K)
 Metaspace       used 8701K, committed 8896K, reserved 1114112K
  class space    used 916K, committed 1024K, reserved 1048576K
}
Event: 2.649 GC heap before
{Heap before GC invocations=27 (full 0):
 garbage-first heap   total 71680K, used 55112K [0x0000000703200000, 0x0000000800000000)
  region size 2048K, 10 young (20480K), 1 survivors (2048K)
 Metaspace       used 8760K, committed 8960K, reserved 1114112K
  class space    used 916K, committed 1024K, reserved 1048576K
}
Event: 2.659 GC heap after
{Heap after GC invocations=28 (full 0):
 garbage-first heap   total 147456K, used 43449K [0x0000000703200000, 0x0000000800000000)
  region size 2048K, 2 young (4096K), 2 survivors (4096K)
 Metaspace       used 8760K, committed 8960K, reserved 1114112K
  class space    used 916K, committed 1024K, reserved 1048576K
}
Event: 3.101 GC heap before
{Heap before GC invocations=28 (full 0):
 garbage-first heap   total 147456K, used 104889K [0x0000000703200000, 0x0000000800000000)
  region size 2048K, 33 young (67584K), 2 survivors (4096K)
 Metaspace       used 8778K, committed 8960K, reserved 1114112K
  class space    used 917K, committed 1024K, reserved 1048576K
}
Event: 3.124 GC heap after
{Heap after GC invocations=29 (full 0):
 garbage-first heap   total 147456K, used 60119K [0x0000000703200000, 0x0000000800000000)
  region size 2048K, 5 young (10240K), 5 survivors (10240K)
 Metaspace       used 8778K, committed 8960K, reserved 1114112K
  class space    used 917K, committed 1024K, reserved 1048576K
}
Event: 3.430 GC heap before
{Heap before GC invocations=29 (full 0):
 garbage-first heap   total 147456K, used 103127K [0x0000000703200000, 0x0000000800000000)
  region size 2048K, 26 young (53248K), 5 survivors (10240K)
 Metaspace       used 8794K, committed 8960K, reserved 1114112K
  class space    used 919K, committed 1024K, reserved 1048576K
}
Event: 3.452 GC heap after
{Heap after GC invocations=30 (full 0):
 garbage-first heap   total 147456K, used 71680K [0x0000000703200000, 0x0000000800000000)
  region size 2048K, 4 young (8192K), 4 survivors (8192K)
 Metaspace       used 8794K, committed 8960K, reserved 1114112K
  class space    used 919K, committed 1024K, reserved 1048576K
}
Event: 4.072 GC heap before
{Heap before GC invocations=30 (full 0):
 garbage-first heap   total 147456K, used 110592K [0x0000000703200000, 0x0000000800000000)
  region size 2048K, 24 young (49152K), 4 survivors (8192K)
 Metaspace       used 10356K, committed 10560K, reserved 1114112K
  class space    used 1083K, committed 1216K, reserved 1048576K
}
Event: 4.096 GC heap after
{Heap after GC invocations=31 (full 0):
 garbage-first heap   total 147456K, used 87756K [0x0000000703200000, 0x0000000800000000)
  region size 2048K, 3 young (6144K), 3 survivors (6144K)
 Metaspace       used 10356K, committed 10560K, reserved 1114112K
  class space    used 1083K, committed 1216K, reserved 1048576K
}
Event: 4.682 GC heap before
{Heap before GC invocations=31 (full 0):
 garbage-first heap   total 147456K, used 120524K [0x0000000703200000, 0x0000000800000000)
  region size 2048K, 18 young (36864K), 3 survivors (6144K)
 Metaspace       used 10697K, committed 10944K, reserved 1114112K
  class space    used 1089K, committed 1216K, reserved 1048576K
}

