# JRE version: Java(TM) SE Runtime Environment (21.0.12.1+1) (build 21.0.12.1+1-LTS-4)
# Java VM: Java HotSpot(TM) 64-Bit Server VM (21.0.12.1+1-LTS-4, mixed mode, sharing, tiered, compressed oops, compressed class ptrs, g1 gc, windows-amd64)
GC Precious Log:
 CardTable entry size: 512
 Card Set container configuration: InlinePtr #cards 4 size 8 Array Of Cards #cards 16 size 48 Howl #buckets 8 coarsen threshold 3686 Howl Bitmap #cards 512 size 80 coarsen threshold 460 Card regions per heap region 1 cards per card region 4096
 CPUs: 8 total, 8 available
 Memory: 16179M
 Large Page Support: Disabled
 NUMA Support: Disabled
 Compressed Oops: Enabled (Zero based)
 Heap Region Size: 2M
 Heap Min Capacity: 8M
 Heap Initial Capacity: 8M
 Heap Max Capacity: 4046M
 Pre-touch: Disabled
 Parallel Workers: 8
 Concurrent Workers: 2
 Concurrent Refinement Workers: 8
 Periodic GC: Disabled
Heap:
 garbage-first heap   total 90112K, used 61193K [0x0000000703200000, 0x0000000800000000)
  region size 2048K, 2 young (4096K), 2 survivors (4096K)
 Metaspace       used 8781K, committed 8960K, reserved 1114112K
  class space    used 917K, committed 1024K, reserved 1048576K
GC Heap History (20 events):
Event: 2.062 GC heap after
{Heap after GC invocations=15 (full 0):
 garbage-first heap   total 49152K, used 12296K [0x0000000703200000, 0x0000000800000000)
  region size 2048K, 1 young (2048K), 1 survivors (2048K)
 Metaspace       used 8540K, committed 8768K, reserved 1114112K
  class space    used 913K, committed 1024K, reserved 1048576K
}
Event: 2.385 GC heap before
{Heap before GC invocations=15 (full 0):
 garbage-first heap   total 49152K, used 32776K [0x0000000703200000, 0x0000000800000000)
  region size 2048K, 11 young (22528K), 1 survivors (2048K)
 Metaspace       used 8592K, committed 8768K, reserved 1114112K
  class space    used 913K, committed 1024K, reserved 1048576K
}
Event: 2.395 GC heap after
{Heap after GC invocations=16 (full 0):
 garbage-first heap   total 49152K, used 17259K [0x0000000703200000, 0x0000000800000000)
  region size 2048K, 2 young (4096K), 2 survivors (4096K)
 Metaspace       used 8592K, committed 8768K, reserved 1114112K
  class space    used 913K, committed 1024K, reserved 1048576K
}
Event: 2.619 GC heap before
{Heap before GC invocations=16 (full 0):
 garbage-first heap   total 49152K, used 29547K [0x0000000703200000, 0x0000000800000000)
  region size 2048K, 9 young (18432K), 2 survivors (4096K)
 Metaspace       used 8672K, committed 8896K, reserved 1114112K
  class space    used 915K, committed 1024K, reserved 1048576K
}
Event: 2.629 GC heap after
{Heap after GC invocations=17 (full 0):
 garbage-first heap   total 49152K, used 21891K [0x0000000703200000, 0x0000000800000000)
  region size 2048K, 2 young (4096K), 2 survivors (4096K)
 Metaspace       used 8672K, committed 8896K, reserved 1114112K
  class space    used 915K, committed 1024K, reserved 1048576K
}
Event: 2.752 GC heap before
{Heap before GC invocations=17 (full 0):
 garbage-first heap   total 49152K, used 36227K [0x0000000703200000, 0x0000000800000000)
  region size 2048K, 9 young (18432K), 2 survivors (4096K)
 Metaspace       used 8678K, committed 8896K, reserved 1114112K
  class space    used 915K, committed 1024K, reserved 1048576K
}
Event: 2.761 GC heap after
{Heap after GC invocations=18 (full 0):
 garbage-first heap   total 49152K, used 25221K [0x0000000703200000, 0x0000000800000000)
  region size 2048K, 2 young (4096K), 2 survivors (4096K)
 Metaspace       used 8678K, committed 8896K, reserved 1114112K
  class space    used 915K, committed 1024K, reserved 1048576K
}
Event: 2.844 GC heap before
{Heap before GC invocations=18 (full 0):
 garbage-first heap   total 49152K, used 37509K [0x0000000703200000, 0x0000000800000000)
  region size 2048K, 8 young (16384K), 2 survivors (4096K)
 Metaspace       used 8690K, committed 8896K, reserved 1114112K
  class space    used 915K, committed 1024K, reserved 1048576K
}
Event: 2.852 GC heap after
{Heap after GC invocations=19 (full 0):
 garbage-first heap   total 73728K, used 28531K [0x0000000703200000, 0x0000000800000000)
  region size 2048K, 1 young (2048K), 1 survivors (2048K)
 Metaspace       used 8690K, committed 8896K, reserved 1114112K
  class space    used 915K, committed 1024K, reserved 1048576K
}
Event: 3.135 GC heap before
{Heap before GC invocations=20 (full 0):
 garbage-first heap   total 73728K, used 51059K [0x0000000703200000, 0x0000000800000000)
  region size 2048K, 13 young (26624K), 1 survivors (2048K)
 Metaspace       used 8713K, committed 8896K, reserved 1114112K
  class space    used 916K, committed 1024K, reserved 1048576K
}
Event: 3.147 GC heap after
{Heap after GC invocations=21 (full 0):
 garbage-first heap   total 73728K, used 35283K [0x0000000703200000, 0x0000000800000000)
  region size 2048K, 2 young (4096K), 2 survivors (4096K)
 Metaspace       used 8713K, committed 8896K, reserved 1114112K
  class space    used 916K, committed 1024K, reserved 1048576K
}
Event: 3.277 GC heap before
{Heap before GC invocations=21 (full 0):
 garbage-first heap   total 73728K, used 55763K [0x0000000703200000, 0x0000000800000000)
  region size 2048K, 12 young (24576K), 2 survivors (4096K)
 Metaspace       used 8758K, committed 8960K, reserved 1114112K
  class space    used 916K, committed 1024K, reserved 1048576K
}
Event: 3.292 GC heap after
{Heap after GC invocations=22 (full 0):
 garbage-first heap   total 73728K, used 40960K [0x0000000703200000, 0x0000000800000000)
  region size 2048K, 2 young (4096K), 2 survivors (4096K)
 Metaspace       used 8758K, committed 8960K, reserved 1114112K
  class space    used 916K, committed 1024K, reserved 1048576K
}
Event: 3.415 GC heap before
{Heap before GC invocations=22 (full 0):
 garbage-first heap   total 73728K, used 57344K [0x0000000703200000, 0x0000000800000000)
  region size 2048K, 11 young (22528K), 2 survivors (4096K)
 Metaspace       used 8774K, committed 8960K, reserved 1114112K
  class space    used 917K, committed 1024K, reserved 1048576K
}
Event: 3.426 GC heap after
{Heap after GC invocations=23 (full 0):
 garbage-first heap   total 73728K, used 45852K [0x0000000703200000, 0x0000000800000000)
  region size 2048K, 2 young (4096K), 2 survivors (4096K)
 Metaspace       used 8774K, committed 8960K, reserved 1114112K
  class space    used 917K, committed 1024K, reserved 1048576K
}
Event: 3.564 GC heap before
{Heap before GC invocations=24 (full 0):
 garbage-first heap   total 90112K, used 58140K [0x0000000703200000, 0x0000000800000000)
  region size 2048K, 9 young (18432K), 2 survivors (4096K)
 Metaspace       used 8778K, committed 8960K, reserved 1114112K
  class space    used 917K, committed 1024K, reserved 1048576K
}
Event: 3.574 GC heap after
{Heap after GC invocations=25 (full 0):
 garbage-first heap   total 90112K, used 50128K [0x0000000703200000, 0x0000000800000000)
  region size 2048K, 2 young (4096K), 2 survivors (4096K)
 Metaspace       used 8778K, committed 8960K, reserved 1114112K
  class space    used 917K, committed 1024K, reserved 1048576K
}
Event: 3.718 GC heap before
{Heap before GC invocations=25 (full 0):
 garbage-first heap   total 90112K, used 70608K [0x0000000703200000, 0x0000000800000000)
  region size 2048K, 13 young (26624K), 2 survivors (4096K)
 Metaspace       used 8778K, committed 8960K, reserved 1114112K
  class space    used 917K, committed 1024K, reserved 1048576K
}
Event: 3.730 GC heap after
{Heap after GC invocations=26 (full 0):
 garbage-first heap   total 90112K, used 54999K [0x0000000703200000, 0x0000000800000000)
  region size 2048K, 2 young (4096K), 2 survivors (4096K)
 Metaspace       used 8778K, committed 8960K, reserved 1114112K
  class space    used 917K, committed 1024K, reserved 1048576K
}
Event: 3.844 GC heap before
{Heap before GC invocations=26 (full 0):
 garbage-first heap   total 90112K, used 73431K [0x0000000703200000, 0x0000000800000000)
  region size 2048K, 12 young (24576K), 2 survivors (4096K)
 Metaspace       used 8781K, committed 8960K, reserved 1114112K
  class space    used 917K, committed 1024K, reserved 1048576K
}

